2021-11-29 19:05:15 [restartedMain] INFO i.f.g.p.PersonServiceApplication - No active profile set, falling back to default profiles: default
2021-11-29 19:05:19 [restartedMain] INFO o.s.d.r.c.RepositoryConfigurationDelegate - Bootstrapping Spring Data JPA repositories in DEFERRED mode.
2021-11-29 19:05:20 [restartedMain] INFO o.s.d.r.c.RepositoryConfigurationDelegate - Finished Spring Data repository scanning in 389ms. Found 8 JPA repository interfaces.
2021-11-29 19:05:20 [restartedMain] WARN o.s.boot.actuate.endpoint.EndpointId - Endpoint ID 'service-registry' contains invalid characters, please migrate to a valid format.
2021-11-29 19:05:21 [restartedMain] INFO o.s.cloud.context.scope.GenericScope - BeanFactory id=aefb0a1f-204a-3c49-9adb-4e360b64b6a2
2021-11-29 19:05:22 [restartedMain] INFO o.s.c.s.PostProcessorRegistrationDelegate$BeanPostProcessorChecker - Bean 'it.federicoRaimondi.gestionale.personservice.baseControllers.AuthClient' of type [org.springframework.cloud.openfeign.FeignClientFactoryBean] is not eligible for getting processed by all BeanPostProcessors (for example: not eligible for auto-proxying)
2021-11-29 19:05:24 [restartedMain] INFO o.s.b.w.e.tomcat.TomcatWebServer - Tomcat initialized with port(s): 5051 (http)
2021-11-29 19:05:24 [restartedMain] INFO o.a.catalina.core.StandardService - Starting service [Tomcat]
2021-11-29 19:05:24 [restartedMain] INFO o.a.catalina.core.StandardEngine - Starting Servlet engine: [Apache Tomcat/9.0.37]
2021-11-29 19:05:24 [restartedMain] INFO o.a.c.c.C.[Tomcat].[localhost].[/] - Initializing Spring embedded WebApplicationContext
2021-11-29 19:05:24 [restartedMain] INFO o.s.b.w.s.c.ServletWebServerApplicationContext - Root WebApplicationContext: initialization completed in 9659 ms
2021-11-29 19:05:25 [restartedMain] WARN c.n.c.sources.URLConfigurationSource - No URLs will be polled as dynamic configuration sources.
2021-11-29 19:05:25 [restartedMain] INFO c.n.c.sources.URLConfigurationSource - To enable URLs as dynamic configuration sources, define System property archaius.configurationSource.additionalUrls or make config.properties available on classpath.
2021-11-29 19:05:25 [restartedMain] INFO c.n.config.DynamicPropertyFactory - DynamicPropertyFactory is initialized with configuration sources: com.netflix.config.ConcurrentCompositeConfiguration@7d42966d
2021-11-29 19:05:25 [restartedMain] INFO o.s.s.c.ThreadPoolTaskExecutor - Initializing ExecutorService 'applicationTaskExecutor'
2021-11-29 19:05:25 [task-1] INFO o.h.jpa.internal.util.LogHelper - HHH000204: Processing PersistenceUnitInfo [name: default]
2021-11-29 19:05:25 [task-1] INFO org.hibernate.Version - HHH000412: Hibernate ORM core version 5.4.18.Final
2021-11-29 19:05:26 [task-1] INFO o.h.annotations.common.Version - HCANN000001: Hibernate Commons Annotations {5.1.0.Final}
2021-11-29 19:05:26 [restartedMain] WARN o.s.b.a.o.j.JpaBaseConfiguration$JpaWebConfiguration - spring.jpa.open-in-view is enabled by default. Therefore, database queries may be performed during view rendering. Explicitly configure spring.jpa.open-in-view to disable this warning
2021-11-29 19:05:26 [task-1] INFO com.zaxxer.hikari.HikariDataSource - HikariPool-1 - Starting...
2021-11-29 19:05:27 [task-1] INFO com.zaxxer.hikari.HikariDataSource - HikariPool-1 - Start completed.
2021-11-29 19:05:28 [task-1] INFO org.hibernate.dialect.Dialect - HHH000400: Using dialect: org.hibernate.dialect.MySQL8Dialect
2021-11-29 19:05:31 [task-1] INFO o.h.e.t.j.p.i.JtaPlatformInitiator - HHH000490: Using JtaPlatform implementation: [org.hibernate.engine.transaction.jta.platform.internal.NoJtaPlatform]
2021-11-29 19:05:31 [task-1] INFO o.s.o.j.LocalContainerEntityManagerFactoryBean - Initialized JPA EntityManagerFactory for persistence unit 'default'
2021-11-29 19:05:33 [restartedMain] INFO o.s.cloud.commons.util.InetUtils - Cannot determine local hostname
2021-11-29 19:05:33 [restartedMain] INFO o.s.b.a.e.web.EndpointLinksResolver - Exposing 4 endpoint(s) beneath base path '/actuator'
2021-11-29 19:05:33 [task-2] WARN o.s.b.d.a.OptionalLiveReloadServer - Unable to start LiveReload server
2021-11-29 19:05:33 [restartedMain] INFO s.d.s.w.PropertySourcedRequestMappingHandlerMapping - Mapped URL path [/v2/api-docs] onto method [springfox.documentation.swagger2.web.Swagger2Controller#getDocumentation(String, HttpServletRequest)]
2021-11-29 19:05:34 [restartedMain] WARN c.n.c.sources.URLConfigurationSource - No URLs will be polled as dynamic configuration sources.
2021-11-29 19:05:34 [restartedMain] INFO c.n.c.sources.URLConfigurationSource - To enable URLs as dynamic configuration sources, define System property archaius.configurationSource.additionalUrls or make config.properties available on classpath.
2021-11-29 19:05:34 [restartedMain] WARN o.t.templatemode.TemplateMode - [THYMELEAF][restartedMain] Template Mode 'HTML5' is deprecated. Using Template Mode 'HTML' instead.
2021-11-29 19:05:40 [restartedMain] INFO o.s.cloud.commons.util.InetUtils - Cannot determine local hostname
2021-11-29 19:05:40 [restartedMain] WARN o.s.c.l.c.BlockingLoadBalancerClientAutoConfiguration$BlockingLoadBalancerClientRibbonWarnLogger - You already have RibbonLoadBalancerClient on your classpath. It will be used by default. As Spring Cloud Ribbon is in maintenance mode. We recommend switching to BlockingLoadBalancerClient instead. In order to use it, set the value of `spring.cloud.loadbalancer.ribbon.enabled` to `false` or remove spring-cloud-starter-netflix-ribbon from your project.
2021-11-29 19:05:41 [restartedMain] INFO o.s.c.n.eureka.InstanceInfoFactory - Setting initial instance status as: STARTING
2021-11-29 19:05:41 [restartedMain] INFO c.netflix.discovery.DiscoveryClient - Initializing Eureka in region us-east-1
2021-11-29 19:05:42 [restartedMain] INFO c.n.d.p.DiscoveryJerseyProvider - Using JSON encoding codec LegacyJacksonJson
2021-11-29 19:05:42 [restartedMain] INFO c.n.d.p.DiscoveryJerseyProvider - Using JSON decoding codec LegacyJacksonJson
2021-11-29 19:05:42 [restartedMain] INFO c.n.d.p.DiscoveryJerseyProvider - Using XML encoding codec XStreamXml
2021-11-29 19:05:42 [restartedMain] INFO c.n.d.p.DiscoveryJerseyProvider - Using XML decoding codec XStreamXml
2021-11-29 19:05:43 [restartedMain] INFO c.n.d.s.r.aws.ConfigClusterResolver - Resolving eureka endpoints via configuration
2021-11-29 19:05:46 [restartedMain] INFO c.netflix.discovery.DiscoveryClient - Disable delta property : false
2021-11-29 19:05:46 [restartedMain] INFO c.netflix.discovery.DiscoveryClient - Single vip registry refresh property : null
2021-11-29 19:05:46 [restartedMain] INFO c.netflix.discovery.DiscoveryClient - Force full registry fetch : false
2021-11-29 19:05:46 [restartedMain] INFO c.netflix.discovery.DiscoveryClient - Application is null : false
2021-11-29 19:05:46 [restartedMain] INFO c.netflix.discovery.DiscoveryClient - Registered Applications size is zero : true
2021-11-29 19:05:46 [restartedMain] INFO c.netflix.discovery.DiscoveryClient - Application version is -1: true
2021-11-29 19:05:46 [restartedMain] INFO c.netflix.discovery.DiscoveryClient - Getting all instance registry info from the eureka server
2021-11-29 19:05:46 [restartedMain] INFO c.netflix.discovery.DiscoveryClient - The response status is 200
2021-11-29 19:05:46 [restartedMain] INFO c.netflix.discovery.DiscoveryClient - Starting heartbeat executor: renew interval is: 30
2021-11-29 19:05:46 [restartedMain] INFO c.n.discovery.InstanceInfoReplicator - InstanceInfoReplicator onDemand update allowed rate per min is 4
2021-11-29 19:05:46 [restartedMain] INFO c.netflix.discovery.DiscoveryClient - Discovery Client initialized at timestamp 1638209146842 with initial instances count: 1
2021-11-29 19:05:46 [restartedMain] INFO o.s.c.n.e.s.EurekaServiceRegistry - Registering application PERSONSERVICE with eureka with status UP
2021-11-29 19:05:46 [restartedMain] INFO c.netflix.discovery.DiscoveryClient - Saw local status change event StatusChangeEvent [timestamp=1638209146857, current=UP, previous=STARTING]
2021-11-29 19:05:46 [DiscoveryClient-InstanceInfoReplicator-0] INFO c.netflix.discovery.DiscoveryClient - DiscoveryClient_PERSONSERVICE/localhost:PersonService:5051: registering service...
2021-11-29 19:05:46 [restartedMain] INFO o.s.b.w.e.tomcat.TomcatWebServer - Tomcat started on port(s): 5051 (http) with context path ''
2021-11-29 19:05:46 [restartedMain] INFO o.s.c.n.e.s.EurekaAutoServiceRegistration - Updating port to 5051
2021-11-29 19:05:47 [DiscoveryClient-InstanceInfoReplicator-0] INFO c.netflix.discovery.DiscoveryClient - DiscoveryClient_PERSONSERVICE/localhost:PersonService:5051 - registration status: 204
2021-11-29 19:05:50 [restartedMain] INFO o.s.cloud.commons.util.InetUtils - Cannot determine local hostname
2021-11-29 19:05:50 [restartedMain] INFO s.d.s.w.p.DocumentationPluginsBootstrapper - Context refreshed
2021-11-29 19:05:50 [restartedMain] INFO s.d.s.w.p.DocumentationPluginsBootstrapper - Found 1 custom documentation plugin(s)
2021-11-29 19:05:50 [restartedMain] INFO s.d.s.w.s.ApiListingReferenceScanner - Scanning for api listing references
2021-11-29 19:05:51 [restartedMain] INFO s.d.s.w.r.o.CachingOperationNameGenerator - Generating unique operation named: deleteUsingDELETE_1
2021-11-29 19:05:51 [restartedMain] INFO s.d.s.w.r.o.CachingOperationNameGenerator - Generating unique operation named: deleteByIDUsingDELETE_1
2021-11-29 19:05:51 [restartedMain] INFO s.d.s.w.r.o.CachingOperationNameGenerator - Generating unique operation named: getUsingGET_1
2021-11-29 19:05:51 [restartedMain] INFO s.d.s.w.r.o.CachingOperationNameGenerator - Generating unique operation named: getAllUsingGET_1
2021-11-29 19:05:51 [restartedMain] INFO s.d.s.w.r.o.CachingOperationNameGenerator - Generating unique operation named: inputUsingGET_1
2021-11-29 19:05:51 [restartedMain] INFO s.d.s.w.r.o.CachingOperationNameGenerator - Generating unique operation named: searchUsingGET_1
2021-11-29 19:05:51 [restartedMain] INFO s.d.s.w.r.o.CachingOperationNameGenerator - Generating unique operation named: storeUsingPOST_1
2021-11-29 19:05:51 [restartedMain] INFO s.d.s.w.r.o.CachingOperationNameGenerator - Generating unique operation named: storeMapUsingPOST_1
2021-11-29 19:05:51 [restartedMain] INFO s.d.s.w.r.o.CachingOperationNameGenerator - Generating unique operation named: storeViewUsingPOST_1
2021-11-29 19:05:51 [restartedMain] INFO s.d.s.w.r.o.CachingOperationNameGenerator - Generating unique operation named: updateUsingPUT_1
2021-11-29 19:05:51 [restartedMain] INFO s.d.s.w.r.o.CachingOperationNameGenerator - Generating unique operation named: viewUsingGET_1
2021-11-29 19:05:51 [restartedMain] INFO s.d.s.w.r.o.CachingOperationNameGenerator - Generating unique operation named: deleteUsingDELETE_2
2021-11-29 19:05:51 [restartedMain] INFO s.d.s.w.r.o.CachingOperationNameGenerator - Generating unique operation named: deleteByIDUsingDELETE_2
2021-11-29 19:05:51 [restartedMain] INFO s.d.s.w.r.o.CachingOperationNameGenerator - Generating unique operation named: getUsingGET_2
2021-11-29 19:05:51 [restartedMain] INFO s.d.s.w.r.o.CachingOperationNameGenerator - Generating unique operation named: getAllUsingGET_2
2021-11-29 19:05:51 [restartedMain] INFO s.d.s.w.r.o.CachingOperationNameGenerator - Generating unique operation named: inputUsingGET_2
2021-11-29 19:05:51 [restartedMain] INFO s.d.s.w.r.o.CachingOperationNameGenerator - Generating unique operation named: searchUsingGET_2
2021-11-29 19:05:51 [restartedMain] INFO s.d.s.w.r.o.CachingOperationNameGenerator - Generating unique operation named: storeUsingPOST_2
2021-11-29 19:05:51 [restartedMain] INFO s.d.s.w.r.o.CachingOperationNameGenerator - Generating unique operation named: storeMapUsingPOST_2
2021-11-29 19:05:51 [restartedMain] INFO s.d.s.w.r.o.CachingOperationNameGenerator - Generating unique operation named: storeViewUsingPOST_2
2021-11-29 19:05:51 [restartedMain] INFO s.d.s.w.r.o.CachingOperationNameGenerator - Generating unique operation named: updateUsingPUT_2
2021-11-29 19:05:51 [restartedMain] INFO s.d.s.w.r.o.CachingOperationNameGenerator - Generating unique operation named: viewUsingGET_2
2021-11-29 19:05:51 [restartedMain] INFO s.d.s.w.r.o.CachingOperationNameGenerator - Generating unique operation named: deleteUsingDELETE_3
2021-11-29 19:05:51 [restartedMain] INFO s.d.s.w.r.o.CachingOperationNameGenerator - Generating unique operation named: deleteByIDUsingDELETE_3
2021-11-29 19:05:51 [restartedMain] INFO s.d.s.w.r.o.CachingOperationNameGenerator - Generating unique operation named: getUsingGET_3
2021-11-29 19:05:51 [restartedMain] INFO s.d.s.w.r.o.CachingOperationNameGenerator - Generating unique operation named: getAllUsingGET_3
2021-11-29 19:05:51 [restartedMain] INFO s.d.s.w.r.o.CachingOperationNameGenerator - Generating unique operation named: inputUsingGET_3
2021-11-29 19:05:51 [restartedMain] INFO s.d.s.w.r.o.CachingOperationNameGenerator - Generating unique operation named: searchUsingGET_3
2021-11-29 19:05:51 [restartedMain] INFO s.d.s.w.r.o.CachingOperationNameGenerator - Generating unique operation named: storeUsingPOST_3
2021-11-29 19:05:51 [restartedMain] INFO s.d.s.w.r.o.CachingOperationNameGenerator - Generating unique operation named: storeMapUsingPOST_3
2021-11-29 19:05:51 [restartedMain] INFO s.d.s.w.r.o.CachingOperationNameGenerator - Generating unique operation named: storeViewUsingPOST_3
2021-11-29 19:05:51 [restartedMain] INFO s.d.s.w.r.o.CachingOperationNameGenerator - Generating unique operation named: updateUsingPUT_3
2021-11-29 19:05:51 [restartedMain] INFO s.d.s.w.r.o.CachingOperationNameGenerator - Generating unique operation named: viewUsingGET_3
2021-11-29 19:05:51 [restartedMain] INFO s.d.s.w.r.o.CachingOperationNameGenerator - Generating unique operation named: handleUsingGET_1
2021-11-29 19:05:51 [restartedMain] INFO s.d.s.w.r.o.CachingOperationNameGenerator - Generating unique operation named: handleUsingGET_2
2021-11-29 19:05:51 [restartedMain] INFO s.d.s.w.r.o.CachingOperationNameGenerator - Generating unique operation named: handleUsingGET_3
2021-11-29 19:05:51 [restartedMain] INFO s.d.s.w.r.o.CachingOperationNameGenerator - Generating unique operation named: handleUsingGET_4
2021-11-29 19:05:51 [restartedMain] INFO s.d.s.w.r.o.CachingOperationNameGenerator - Generating unique operation named: deleteUsingDELETE_4
2021-11-29 19:05:51 [restartedMain] INFO s.d.s.w.r.o.CachingOperationNameGenerator - Generating unique operation named: deleteByIDUsingDELETE_4
2021-11-29 19:05:51 [restartedMain] INFO s.d.s.w.r.o.CachingOperationNameGenerator - Generating unique operation named: getUsingGET_4
2021-11-29 19:05:51 [restartedMain] INFO s.d.s.w.r.o.CachingOperationNameGenerator - Generating unique operation named: getAllUsingGET_4
2021-11-29 19:05:51 [restartedMain] INFO s.d.s.w.r.o.CachingOperationNameGenerator - Generating unique operation named: inputUsingGET_4
2021-11-29 19:05:51 [restartedMain] INFO s.d.s.w.r.o.CachingOperationNameGenerator - Generating unique operation named: searchUsingGET_4
2021-11-29 19:05:51 [restartedMain] INFO s.d.s.w.r.o.CachingOperationNameGenerator - Generating unique operation named: storeUsingPOST_4
2021-11-29 19:05:51 [restartedMain] INFO s.d.s.w.r.o.CachingOperationNameGenerator - Generating unique operation named: storeMapUsingPOST_4
2021-11-29 19:05:51 [restartedMain] INFO s.d.s.w.r.o.CachingOperationNameGenerator - Generating unique operation named: storeViewUsingPOST_4
2021-11-29 19:05:51 [restartedMain] INFO s.d.s.w.r.o.CachingOperationNameGenerator - Generating unique operation named: updateUsingPUT_4
2021-11-29 19:05:51 [restartedMain] INFO s.d.s.w.r.o.CachingOperationNameGenerator - Generating unique operation named: viewUsingGET_4
2021-11-29 19:05:51 [restartedMain] INFO s.d.s.w.r.o.CachingOperationNameGenerator - Generating unique operation named: deleteUsingDELETE_5
2021-11-29 19:05:51 [restartedMain] INFO s.d.s.w.r.o.CachingOperationNameGenerator - Generating unique operation named: deleteByIDUsingDELETE_5
2021-11-29 19:05:51 [restartedMain] INFO s.d.s.w.r.o.CachingOperationNameGenerator - Generating unique operation named: getUsingGET_5
2021-11-29 19:05:51 [restartedMain] INFO s.d.s.w.r.o.CachingOperationNameGenerator - Generating unique operation named: getAllUsingGET_5
2021-11-29 19:05:51 [restartedMain] INFO s.d.s.w.r.o.CachingOperationNameGenerator - Generating unique operation named: inputUsingGET_5
2021-11-29 19:05:51 [restartedMain] INFO s.d.s.w.r.o.CachingOperationNameGenerator - Generating unique operation named: searchUsingGET_5
2021-11-29 19:05:51 [restartedMain] INFO s.d.s.w.r.o.CachingOperationNameGenerator - Generating unique operation named: storeUsingPOST_5
2021-11-29 19:05:51 [restartedMain] INFO s.d.s.w.r.o.CachingOperationNameGenerator - Generating unique operation named: storeMapUsingPOST_5
2021-11-29 19:05:51 [restartedMain] INFO s.d.s.w.r.o.CachingOperationNameGenerator - Generating unique operation named: storeViewUsingPOST_5
2021-11-29 19:05:51 [restartedMain] INFO s.d.s.w.r.o.CachingOperationNameGenerator - Generating unique operation named: updateUsingPUT_5
2021-11-29 19:05:51 [restartedMain] INFO s.d.s.w.r.o.CachingOperationNameGenerator - Generating unique operation named: viewUsingGET_5
2021-11-29 19:05:51 [restartedMain] INFO s.d.s.w.r.o.CachingOperationNameGenerator - Generating unique operation named: deleteUsingDELETE_6
2021-11-29 19:05:51 [restartedMain] INFO s.d.s.w.r.o.CachingOperationNameGenerator - Generating unique operation named: deleteByIDUsingDELETE_6
2021-11-29 19:05:51 [restartedMain] INFO s.d.s.w.r.o.CachingOperationNameGenerator - Generating unique operation named: getUsingGET_6
2021-11-29 19:05:51 [restartedMain] INFO s.d.s.w.r.o.CachingOperationNameGenerator - Generating unique operation named: getAllUsingGET_6
2021-11-29 19:05:51 [restartedMain] INFO s.d.s.w.r.o.CachingOperationNameGenerator - Generating unique operation named: inputUsingGET_6
2021-11-29 19:05:51 [restartedMain] INFO s.d.s.w.r.o.CachingOperationNameGenerator - Generating unique operation named: searchUsingGET_6
2021-11-29 19:05:51 [restartedMain] INFO s.d.s.w.r.o.CachingOperationNameGenerator - Generating unique operation named: storeUsingPOST_6
2021-11-29 19:05:51 [restartedMain] INFO s.d.s.w.r.o.CachingOperationNameGenerator - Generating unique operation named: storeMapUsingPOST_6
2021-11-29 19:05:51 [restartedMain] INFO s.d.s.w.r.o.CachingOperationNameGenerator - Generating unique operation named: storeViewUsingPOST_6
2021-11-29 19:05:51 [restartedMain] INFO s.d.s.w.r.o.CachingOperationNameGenerator - Generating unique operation named: updateUsingPUT_6
2021-11-29 19:05:51 [restartedMain] INFO s.d.s.w.r.o.CachingOperationNameGenerator - Generating unique operation named: viewUsingGET_6
2021-11-29 19:05:52 [restartedMain] INFO s.d.s.w.r.o.CachingOperationNameGenerator - Generating unique operation named: deleteUsingDELETE_7
2021-11-29 19:05:52 [restartedMain] INFO s.d.s.w.r.o.CachingOperationNameGenerator - Generating unique operation named: deleteByIDUsingDELETE_7
2021-11-29 19:05:52 [restartedMain] INFO s.d.s.w.r.o.CachingOperationNameGenerator - Generating unique operation named: getUsingGET_7
2021-11-29 19:05:52 [restartedMain] INFO s.d.s.w.r.o.CachingOperationNameGenerator - Generating unique operation named: getAllUsingGET_7
2021-11-29 19:05:52 [restartedMain] INFO s.d.s.w.r.o.CachingOperationNameGenerator - Generating unique operation named: inputUsingGET_7
2021-11-29 19:05:52 [restartedMain] INFO s.d.s.w.r.o.CachingOperationNameGenerator - Generating unique operation named: searchUsingGET_7
2021-11-29 19:05:52 [restartedMain] INFO s.d.s.w.r.o.CachingOperationNameGenerator - Generating unique operation named: storeUsingPOST_7
2021-11-29 19:05:52 [restartedMain] INFO s.d.s.w.r.o.CachingOperationNameGenerator - Generating unique operation named: storeMapUsingPOST_7
2021-11-29 19:05:52 [restartedMain] INFO s.d.s.w.r.o.CachingOperationNameGenerator - Generating unique operation named: storeViewUsingPOST_7
2021-11-29 19:05:52 [restartedMain] INFO s.d.s.w.r.o.CachingOperationNameGenerator - Generating unique operation named: updateUsingPUT_7
2021-11-29 19:05:52 [restartedMain] INFO s.d.s.w.r.o.CachingOperationNameGenerator - Generating unique operation named: viewUsingGET_7
2021-11-29 19:05:52 [restartedMain] INFO o.s.d.r.c.DeferredRepositoryInitializationListener - Triggering deferred initialization of Spring Data repositories…
2021-11-29 19:05:52 [restartedMain] INFO o.s.d.r.c.DeferredRepositoryInitializationListener - Spring Data repositories initialized!
2021-11-29 19:05:52 [restartedMain] INFO i.f.g.p.PersonServiceApplication - Started PersonServiceApplication in 48.751 seconds (JVM running for 52.966)
2021-11-29 19:10:46 [AsyncResolver-bootstrap-executor-0] INFO c.n.d.s.r.aws.ConfigClusterResolver - Resolving eureka endpoints via configuration
2021-11-29 19:15:46 [AsyncResolver-bootstrap-executor-0] INFO c.n.d.s.r.aws.ConfigClusterResolver - Resolving eureka endpoints via configuration
2021-11-29 19:20:46 [AsyncResolver-bootstrap-executor-0] INFO c.n.d.s.r.aws.ConfigClusterResolver - Resolving eureka endpoints via configuration
2021-11-29 19:25:46 [AsyncResolver-bootstrap-executor-0] INFO c.n.d.s.r.aws.ConfigClusterResolver - Resolving eureka endpoints via configuration
2021-11-29 19:30:46 [AsyncResolver-bootstrap-executor-0] INFO c.n.d.s.r.aws.ConfigClusterResolver - Resolving eureka endpoints via configuration
2021-11-29 19:35:46 [AsyncResolver-bootstrap-executor-0] INFO c.n.d.s.r.aws.ConfigClusterResolver - Resolving eureka endpoints via configuration
2021-11-29 19:40:46 [AsyncResolver-bootstrap-executor-0] INFO c.n.d.s.r.aws.ConfigClusterResolver - Resolving eureka endpoints via configuration
2021-11-29 19:45:46 [AsyncResolver-bootstrap-executor-0] INFO c.n.d.s.r.aws.ConfigClusterResolver - Resolving eureka endpoints via configuration
2021-11-29 19:50:46 [AsyncResolver-bootstrap-executor-0] INFO c.n.d.s.r.aws.ConfigClusterResolver - Resolving eureka endpoints via configuration
2021-11-29 19:55:46 [AsyncResolver-bootstrap-executor-0] INFO c.n.d.s.r.aws.ConfigClusterResolver - Resolving eureka endpoints via configuration
2021-11-29 20:00:46 [AsyncResolver-bootstrap-executor-0] INFO c.n.d.s.r.aws.ConfigClusterResolver - Resolving eureka endpoints via configuration
2021-11-29 20:05:46 [AsyncResolver-bootstrap-executor-0] INFO c.n.d.s.r.aws.ConfigClusterResolver - Resolving eureka endpoints via configuration
2021-11-29 20:10:46 [AsyncResolver-bootstrap-executor-0] INFO c.n.d.s.r.aws.ConfigClusterResolver - Resolving eureka endpoints via configuration
2021-11-29 20:15:46 [AsyncResolver-bootstrap-executor-0] INFO c.n.d.s.r.aws.ConfigClusterResolver - Resolving eureka endpoints via configuration
2021-11-29 20:20:46 [AsyncResolver-bootstrap-executor-0] INFO c.n.d.s.r.aws.ConfigClusterResolver - Resolving eureka endpoints via configuration
2021-11-29 20:25:46 [AsyncResolver-bootstrap-executor-0] INFO c.n.d.s.r.aws.ConfigClusterResolver - Resolving eureka endpoints via configuration
2021-11-29 20:30:46 [AsyncResolver-bootstrap-executor-0] INFO c.n.d.s.r.aws.ConfigClusterResolver - Resolving eureka endpoints via configuration
2021-11-29 20:35:46 [AsyncResolver-bootstrap-executor-0] INFO c.n.d.s.r.aws.ConfigClusterResolver - Resolving eureka endpoints via configuration
2021-11-29 20:40:46 [AsyncResolver-bootstrap-executor-0] INFO c.n.d.s.r.aws.ConfigClusterResolver - Resolving eureka endpoints via configuration
2021-11-29 20:45:46 [AsyncResolver-bootstrap-executor-0] INFO c.n.d.s.r.aws.ConfigClusterResolver - Resolving eureka endpoints via configuration
2021-11-29 20:50:46 [AsyncResolver-bootstrap-executor-0] INFO c.n.d.s.r.aws.ConfigClusterResolver - Resolving eureka endpoints via configuration
2021-11-29 20:55:46 [AsyncResolver-bootstrap-executor-0] INFO c.n.d.s.r.aws.ConfigClusterResolver - Resolving eureka endpoints via configuration
2021-11-29 21:00:46 [AsyncResolver-bootstrap-executor-0] INFO c.n.d.s.r.aws.ConfigClusterResolver - Resolving eureka endpoints via configuration
2021-11-29 21:05:46 [AsyncResolver-bootstrap-executor-0] INFO c.n.d.s.r.aws.ConfigClusterResolver - Resolving eureka endpoints via configuration
2021-11-29 21:10:46 [AsyncResolver-bootstrap-executor-0] INFO c.n.d.s.r.aws.ConfigClusterResolver - Resolving eureka endpoints via configuration
2021-11-29 21:15:43 [RMI TCP Connection(139)-127.0.0.1] INFO o.s.b.a.SpringApplicationAdminMXBeanRegistrar$SpringApplicationAdmin - Application shutdown requested.
2021-11-29 21:15:43 [RMI TCP Connection(139)-127.0.0.1] INFO o.s.c.n.e.s.EurekaServiceRegistry - Unregistering application PERSONSERVICE with eureka with status DOWN
2021-11-29 21:15:43 [RMI TCP Connection(139)-127.0.0.1] WARN c.netflix.discovery.DiscoveryClient - Saw local status change event StatusChangeEvent [timestamp=1638216943359, current=DOWN, previous=UP]
2021-11-29 21:15:43 [DiscoveryClient-InstanceInfoReplicator-0] INFO c.netflix.discovery.DiscoveryClient - DiscoveryClient_PERSONSERVICE/localhost:PersonService:5051: registering service...
2021-11-29 21:15:43 [DiscoveryClient-InstanceInfoReplicator-0] INFO c.netflix.discovery.DiscoveryClient - DiscoveryClient_PERSONSERVICE/localhost:PersonService:5051 - registration status: 204
2021-11-29 21:15:44 [RMI TCP Connection(139)-127.0.0.1] INFO o.a.catalina.core.StandardService - Stopping service [Tomcat]
2021-11-29 21:15:44 [RMI TCP Connection(139)-127.0.0.1] INFO o.s.o.j.LocalContainerEntityManagerFactoryBean - Closing JPA EntityManagerFactory for persistence unit 'default'
2021-11-29 21:15:44 [RMI TCP Connection(139)-127.0.0.1] INFO o.s.s.c.ThreadPoolTaskExecutor - Shutting down ExecutorService 'applicationTaskExecutor'
2021-11-29 21:15:44 [RMI TCP Connection(139)-127.0.0.1] INFO com.zaxxer.hikari.HikariDataSource - HikariPool-1 - Shutdown initiated...
2021-11-29 21:15:44 [RMI TCP Connection(139)-127.0.0.1] INFO com.zaxxer.hikari.HikariDataSource - HikariPool-1 - Shutdown completed.
2021-11-29 21:15:44 [RMI TCP Connection(139)-127.0.0.1] INFO c.netflix.discovery.DiscoveryClient - Shutting down DiscoveryClient ...
2021-11-29 21:15:46 [AsyncResolver-bootstrap-executor-0] INFO c.n.d.s.r.aws.ConfigClusterResolver - Resolving eureka endpoints via configuration
2021-11-29 21:15:47 [RMI TCP Connection(139)-127.0.0.1] INFO c.netflix.discovery.DiscoveryClient - Unregistering ...
2021-11-29 21:15:47 [RMI TCP Connection(139)-127.0.0.1] INFO c.netflix.discovery.DiscoveryClient - DiscoveryClient_PERSONSERVICE/localhost:PersonService:5051 - deregister  status: 200
2021-11-29 21:15:48 [RMI TCP Connection(139)-127.0.0.1] INFO c.netflix.discovery.DiscoveryClient - Completed shut down of DiscoveryClient
